d:\yuki kogawara\documents\dropbox\visual studio 2013\projects\sampleframework\sampleframework\debug\vc120.pdb
d:\yuki kogawara\documents\dropbox\visual studio 2013\projects\sampleframework\sampleframework\debug\vc120.idb
d:\yuki kogawara\documents\dropbox\visual studio 2013\projects\sampleframework\sampleframework\debug\soundmanager.obj
d:\yuki kogawara\documents\dropbox\visual studio 2013\projects\sampleframework\sampleframework\debug\soundplayer.obj
d:\yuki kogawara\documents\dropbox\visual studio 2013\projects\sampleframework\sampleframework\debug\sprite.obj
d:\yuki kogawara\documents\dropbox\visual studio 2013\projects\sampleframework\sampleframework\debug\texture.obj
d:\yuki kogawara\documents\dropbox\visual studio 2013\projects\sampleframework\sampleframework\debug\vector2.obj
d:\yuki kogawara\documents\dropbox\visual studio 2013\projects\sampleframework\sampleframework\debug\vector3.obj
d:\yuki kogawara\documents\dropbox\visual studio 2013\projects\sampleframework\sampleframework\debug\vector4.obj
d:\yuki kogawara\documents\dropbox\visual studio 2013\projects\sampleframework\sampleframework\debug\viewport.obj
d:\yuki kogawara\documents\dropbox\visual studio 2013\projects\sampleframework\sampleframework\debug\gamewindow.obj
d:\yuki kogawara\documents\dropbox\visual studio 2013\projects\sampleframework\sampleframework\debug\maincontroller.obj
d:\yuki kogawara\documents\dropbox\visual studio 2013\projects\sampleframework\sampleframework\debug\window.obj
d:\yuki kogawara\documents\dropbox\visual studio 2013\projects\sampleframework\sampleframework\debug\grass.obj
d:\yuki kogawara\documents\dropbox\visual studio 2013\projects\sampleframework\sampleframework\debug\score.obj
d:\yuki kogawara\documents\dropbox\visual studio 2013\projects\sampleframework\sampleframework\debug\timer.obj
d:\yuki kogawara\documents\dropbox\visual studio 2013\projects\sampleframework\sampleframework\debug\main.obj
d:\yuki kogawara\documents\dropbox\visual studio 2013\projects\sampleframework\sampleframework\debug\openglrenderer.obj
d:\yuki kogawara\documents\dropbox\visual studio 2013\projects\sampleframework\sampleframework\debug\keyboard.obj
d:\yuki kogawara\documents\dropbox\visual studio 2013\projects\sampleframework\sampleframework\debug\mouse.obj
d:\yuki kogawara\documents\dropbox\visual studio 2013\projects\sampleframework\sampleframework\debug\math.obj
d:\yuki kogawara\documents\dropbox\visual studio 2013\projects\sampleframework\sampleframework\debug\random.obj
d:\yuki kogawara\documents\dropbox\visual studio 2013\projects\sampleframework\sampleframework\debug\matrix.obj
d:\yuki kogawara\documents\dropbox\visual studio 2013\projects\sampleframework\sampleframework\debug\mesh.obj
d:\yuki kogawara\documents\dropbox\visual studio 2013\projects\sampleframework\sampleframework\debug\model.obj
d:\yuki kogawara\documents\dropbox\visual studio 2013\projects\sampleframework\sampleframework\debug\motion.obj
d:\yuki kogawara\documents\dropbox\visual studio 2013\projects\sampleframework\sampleframework\debug\object.obj
d:\yuki kogawara\documents\dropbox\visual studio 2013\projects\sampleframework\sampleframework\debug\polygon.obj
d:\yuki kogawara\documents\dropbox\visual studio 2013\projects\sampleframework\sampleframework\debug\quaternion.obj
d:\yuki kogawara\documents\dropbox\visual studio 2013\projects\sampleframework\sampleframework\debug\renderer.obj
d:\yuki kogawara\documents\dropbox\visual studio 2013\projects\sampleframework\sampleframework\debug\skinmeshmodel.obj
d:\yuki kogawara\documents\dropbox\visual studio 2013\projects\sampleframework\sampleframework\debug\sound.obj
d:\yuki kogawara\documents\dropbox\visual studio 2013\projects\sampleframework\sampleframework\debug\debug.obj
d:\yuki kogawara\documents\dropbox\visual studio 2013\projects\sampleframework\sampleframework\debug\debugtimer.obj
d:\yuki kogawara\documents\dropbox\visual studio 2013\projects\sampleframework\sampleframework\debug\text.obj
d:\yuki kogawara\documents\dropbox\visual studio 2013\projects\sampleframework\sampleframework\debug\tweaker.obj
d:\yuki kogawara\documents\dropbox\visual studio 2013\projects\sampleframework\sampleframework\debug\drawobject.obj
d:\yuki kogawara\documents\dropbox\visual studio 2013\projects\sampleframework\sampleframework\debug\effect.obj
d:\yuki kogawara\documents\dropbox\visual studio 2013\projects\sampleframework\sampleframework\debug\effectbillboard.obj
d:\yuki kogawara\documents\dropbox\visual studio 2013\projects\sampleframework\sampleframework\debug\error.obj
d:\yuki kogawara\documents\dropbox\visual studio 2013\projects\sampleframework\sampleframework\debug\file.obj
d:\yuki kogawara\documents\dropbox\visual studio 2013\projects\sampleframework\sampleframework\debug\effectreader.obj
d:\yuki kogawara\documents\dropbox\visual studio 2013\projects\sampleframework\sampleframework\debug\modelreader.obj
d:\yuki kogawara\documents\dropbox\visual studio 2013\projects\sampleframework\sampleframework\debug\reader.obj
d:\yuki kogawara\documents\dropbox\visual studio 2013\projects\sampleframework\sampleframework\debug\soundreader.obj
d:\yuki kogawara\documents\dropbox\visual studio 2013\projects\sampleframework\sampleframework\debug\texturereader.obj
d:\yuki kogawara\documents\dropbox\visual studio 2013\projects\sampleframework\sampleframework\debug\binarywriter.obj
d:\yuki kogawara\documents\dropbox\visual studio 2013\projects\sampleframework\sampleframework\debug\fps.obj
d:\yuki kogawara\documents\dropbox\visual studio 2013\projects\sampleframework\sampleframework\debug\input.obj
d:\yuki kogawara\documents\dropbox\visual studio 2013\projects\sampleframework\sampleframework\debug\directxrenderer.obj
d:\yuki kogawara\documents\dropbox\visual studio 2013\projects\sampleframework\sampleframework\debug\directxtexture.obj
d:\yuki kogawara\documents\dropbox\visual studio 2013\projects\sampleframework\sampleframework\debug\billboard.obj
d:\yuki kogawara\documents\dropbox\visual studio 2013\projects\sampleframework\sampleframework\debug\obb.obj
d:\yuki kogawara\documents\dropbox\visual studio 2013\projects\sampleframework\sampleframework\debug\manager.obj
d:\yuki kogawara\documents\dropbox\visual studio 2013\projects\sampleframework\sampleframework\debug\curve.obj
d:\yuki kogawara\documents\dropbox\visual studio 2013\projects\sampleframework\sampleframework\debug\lerp.obj
d:\yuki kogawara\documents\dropbox\visual studio 2013\projects\sampleframework\sampleframework\debug\camera.obj
d:\yuki kogawara\documents\dropbox\visual studio 2013\projects\sampleframework\sampleframework\debug\fade.obj
d:\yuki kogawara\documents\dropbox\visual studio 2013\projects\sampleframework\sampleframework\debug\meshfield.obj
d:\yuki kogawara\documents\dropbox\visual studio 2013\projects\sampleframework\sampleframework\debug\player.obj
d:\yuki kogawara\documents\dropbox\visual studio 2013\projects\sampleframework\sampleframework\debug\stage.obj
d:\yuki kogawara\documents\dropbox\visual studio 2013\projects\sampleframework\sampleframework\debug\titlestate.obj
d:\yuki kogawara\documents\dropbox\visual studio 2013\projects\sampleframework\sampleframework\debug\skinmeshmodelreader.obj
d:\yuki kogawara\documents\dropbox\visual studio 2013\projects\sampleframework\sampleframework\debug\skybox.obj
d:\yuki kogawara\documents\dropbox\visual studio 2013\projects\sampleframework\sampleframework\debug\motionmodel.obj
d:\yuki kogawara\documents\dropbox\visual studio 2013\projects\sampleframework\sampleframework\debug\gamestate.obj
d:\yuki kogawara\documents\dropbox\visual studio 2013\projects\sampleframework\sampleframework\debug\textreader.obj
d:\yuki kogawara\documents\dropbox\visual studio 2013\projects\sampleframework\sampleframework\sampleframework.ilk
d:\yuki kogawara\documents\dropbox\visual studio 2013\projects\sampleframework\sampleframework\sampleframework.exe
d:\yuki kogawara\documents\dropbox\visual studio 2013\projects\sampleframework\sampleframework\sampleframework.pdb
d:\yuki kogawara\documents\dropbox\visual studio 2013\projects\sampleframework\sampleframework\debug\sampleframework.tlog\cl.command.1.tlog
d:\yuki kogawara\documents\dropbox\visual studio 2013\projects\sampleframework\sampleframework\debug\sampleframework.tlog\cl.read.1.tlog
d:\yuki kogawara\documents\dropbox\visual studio 2013\projects\sampleframework\sampleframework\debug\sampleframework.tlog\cl.write.1.tlog
d:\yuki kogawara\documents\dropbox\visual studio 2013\projects\sampleframework\sampleframework\debug\sampleframework.tlog\link.command.1.tlog
d:\yuki kogawara\documents\dropbox\visual studio 2013\projects\sampleframework\sampleframework\debug\sampleframework.tlog\link.read.1.tlog
d:\yuki kogawara\documents\dropbox\visual studio 2013\projects\sampleframework\sampleframework\debug\sampleframework.tlog\link.write.1.tlog
